<?xml version="1.0" encoding="UTF-8"?>
<TestRun id="5755bd94-23c5-4f1c-835f-0dcde45f83b1" name="Admin@10266A-GEN-DEV 2022-07-27 04:35:54" runUser="10266A-GEN-DEV\Admin" xmlns="http://microsoft.com/schemas/VisualStudio/TeamTest/2010">
  <TestSettings name="Local" id="63150442-023f-4362-ac0f-2805b5a9e2b5">
    <Description>These are default test settings for a local test run.</Description>
    <Deployment enabled="false" runDeploymentRoot="Admin_10266A-GEN-DEV 2022-07-27 04_35_54">
      <DeploymentItem filename="E:\Labfiles\Lab 7\Ex2\Starter\StressTest\bin\Debug\StressTest.dll" />
    </Deployment>
    <Execution>
      <TestTypeSpecific />
      <AgentRule name="Execution Agents">
      </AgentRule>
    </Execution>
  </TestSettings>
  <Times creation="2022-07-27T04:35:54.7969140-07:00" queuing="2022-07-27T04:35:54.8906640-07:00" start="2022-07-27T04:35:54.9150781-07:00" finish="2022-07-27T04:35:55.0517968-07:00" />
  <ResultSummary outcome="Completed">
    <Counters total="9" executed="9" passed="9" error="0" failed="0" timeout="0" aborted="0" inconclusive="0" passedButRunAborted="0" notRunnable="0" notExecuted="0" disconnected="0" warning="0" completed="0" inProgress="0" pending="0" />
  </ResultSummary>
  <TestDefinitions>
    <UnitTest name="GetStressTestResultTest1" storage="e:\labfiles\lab 7\ex2\starter\stresstest unit test project\bin\debug\module 7 unit test project.dll" id="dc2ceaab-ef7a-cc9d-2cca-25e168dab36d">
      <Execution id="d21e4c7c-f658-4c24-91ae-1f8b25df36f9" />
      <TestMethod codeBase="E:/Labfiles/Lab 7/Ex2/Starter/StressTest Unit Test Project/bin/Debug/Module 7 Unit Test Project.DLL" adapterTypeName="Microsoft.VisualStudio.TestTools.TestTypes.Unit.UnitTestAdapter, Microsoft.VisualStudio.QualityTools.Tips.UnitTest.Adapter, Version=10.0.0.0, Culture=neutral, PublicKeyToken=b03f5f7f11d50a3a" className="StressTests_Unit_Test_Project.StressTestCaseTest, Module 7 Unit Test Project, Version=1.0.0.0, Culture=neutral, PublicKeyToken=null" name="GetStressTestResultTest1" />
    </UnitTest>
    <UnitTest name="IncrementTestsTest" storage="e:\labfiles\lab 7\ex2\starter\stresstest unit test project\bin\debug\module 7 unit test project.dll" id="b0bbc1cd-3a19-4e77-46f6-513c8c6c7a78">
      <Execution id="60da1ffe-5146-46d7-a559-efb4d38fc2f8" />
      <TestMethod codeBase="E:/Labfiles/Lab 7/Ex2/Starter/StressTest Unit Test Project/bin/Debug/Module 7 Unit Test Project.DLL" adapterTypeName="Microsoft.VisualStudio.TestTools.TestTypes.Unit.UnitTestAdapter, Microsoft.VisualStudio.QualityTools.Tips.UnitTest.Adapter, Version=10.0.0.0, Culture=neutral, PublicKeyToken=b03f5f7f11d50a3a" className="StressTests_Unit_Test_Project.StressTestCase_TestStatisticsTest, Module 7 Unit Test Project, Version=1.0.0.0, Culture=neutral, PublicKeyToken=null" name="IncrementTestsTest" />
    </UnitTest>
    <UnitTest name="PerformStressTestTest" storage="e:\labfiles\lab 7\ex2\starter\stresstest unit test project\bin\debug\module 7 unit test project.dll" id="70ae57c7-d038-7d7d-6df9-662a9e2eccf2">
      <Execution id="de68a46d-a810-47e4-80e1-84b5fe6d7289" />
      <TestMethod codeBase="E:/Labfiles/Lab 7/Ex2/Starter/StressTest Unit Test Project/bin/Debug/Module 7 Unit Test Project.DLL" adapterTypeName="Microsoft.VisualStudio.TestTools.TestTypes.Unit.UnitTestAdapter, Microsoft.VisualStudio.QualityTools.Tips.UnitTest.Adapter, Version=10.0.0.0, Culture=neutral, PublicKeyToken=b03f5f7f11d50a3a" className="StressTests_Unit_Test_Project.StressTestCaseTest, Module 7 Unit Test Project, Version=1.0.0.0, Culture=neutral, PublicKeyToken=null" name="PerformStressTestTest" />
    </UnitTest>
    <UnitTest name="GetStressTestResultTest2" storage="e:\labfiles\lab 7\ex2\starter\stresstest unit test project\bin\debug\module 7 unit test project.dll" id="dc3c367e-afcc-bfbf-5de6-7f409a5f19b9">
      <Execution id="6f2127f2-c9a7-429d-921d-cca7ef309eda" />
      <TestMethod codeBase="E:/Labfiles/Lab 7/Ex2/Starter/StressTest Unit Test Project/bin/Debug/Module 7 Unit Test Project.DLL" adapterTypeName="Microsoft.VisualStudio.TestTools.TestTypes.Unit.UnitTestAdapter, Microsoft.VisualStudio.QualityTools.Tips.UnitTest.Adapter, Version=10.0.0.0, Culture=neutral, PublicKeyToken=b03f5f7f11d50a3a" className="StressTests_Unit_Test_Project.StressTestCaseTest, Module 7 Unit Test Project, Version=1.0.0.0, Culture=neutral, PublicKeyToken=null" name="GetStressTestResultTest2" />
    </UnitTest>
    <UnitTest name="StressTestCaseConstructorTest1" storage="e:\labfiles\lab 7\ex2\starter\stresstest unit test project\bin\debug\module 7 unit test project.dll" id="f70fc7f2-2889-1a4a-6c2b-231756f3c6d0">
      <Execution id="993527c0-55a4-47ff-9c7c-0804a21c9d70" />
      <TestMethod codeBase="E:/Labfiles/Lab 7/Ex2/Starter/StressTest Unit Test Project/bin/Debug/Module 7 Unit Test Project.DLL" adapterTypeName="Microsoft.VisualStudio.TestTools.TestTypes.Unit.UnitTestAdapter, Microsoft.VisualStudio.QualityTools.Tips.UnitTest.Adapter, Version=10.0.0.0, Culture=neutral, PublicKeyToken=b03f5f7f11d50a3a" className="StressTests_Unit_Test_Project.StressTestCaseTest, Module 7 Unit Test Project, Version=1.0.0.0, Culture=neutral, PublicKeyToken=null" name="StressTestCaseConstructorTest1" />
    </UnitTest>
    <UnitTest name="GetNumberOfFailuresTest" storage="e:\labfiles\lab 7\ex2\starter\stresstest unit test project\bin\debug\module 7 unit test project.dll" id="73880309-9d43-4408-35a2-c1c47dccca49">
      <Execution id="ebb437e1-bb3f-4b2b-920e-36213b9ba8c6" />
      <TestMethod codeBase="E:/Labfiles/Lab 7/Ex2/Starter/StressTest Unit Test Project/bin/Debug/Module 7 Unit Test Project.DLL" adapterTypeName="Microsoft.VisualStudio.TestTools.TestTypes.Unit.UnitTestAdapter, Microsoft.VisualStudio.QualityTools.Tips.UnitTest.Adapter, Version=10.0.0.0, Culture=neutral, PublicKeyToken=b03f5f7f11d50a3a" className="StressTests_Unit_Test_Project.StressTestCase_TestStatisticsTest, Module 7 Unit Test Project, Version=1.0.0.0, Culture=neutral, PublicKeyToken=null" name="GetNumberOfFailuresTest" />
    </UnitTest>
    <UnitTest name="ToStringTest" storage="e:\labfiles\lab 7\ex2\starter\stresstest unit test project\bin\debug\module 7 unit test project.dll" id="88dddc01-b6a3-92c3-1d4c-cc8c52876537">
      <Execution id="85428804-a458-4a5d-8cd1-2e6f51c9230c" />
      <TestMethod codeBase="E:/Labfiles/Lab 7/Ex2/Starter/StressTest Unit Test Project/bin/Debug/Module 7 Unit Test Project.DLL" adapterTypeName="Microsoft.VisualStudio.TestTools.TestTypes.Unit.UnitTestAdapter, Microsoft.VisualStudio.QualityTools.Tips.UnitTest.Adapter, Version=10.0.0.0, Culture=neutral, PublicKeyToken=b03f5f7f11d50a3a" className="StressTests_Unit_Test_Project.StressTestCaseTest, Module 7 Unit Test Project, Version=1.0.0.0, Culture=neutral, PublicKeyToken=null" name="ToStringTest" />
    </UnitTest>
    <UnitTest name="GetNumberOfTestsPerformedTest" storage="e:\labfiles\lab 7\ex2\starter\stresstest unit test project\bin\debug\module 7 unit test project.dll" id="5701310d-d264-40e2-ce25-5834e0e15b23">
      <Execution id="c8cfed46-0ca8-4b8e-9990-ca9da6b43b33" />
      <TestMethod codeBase="E:/Labfiles/Lab 7/Ex2/Starter/StressTest Unit Test Project/bin/Debug/Module 7 Unit Test Project.DLL" adapterTypeName="Microsoft.VisualStudio.TestTools.TestTypes.Unit.UnitTestAdapter, Microsoft.VisualStudio.QualityTools.Tips.UnitTest.Adapter, Version=10.0.0.0, Culture=neutral, PublicKeyToken=b03f5f7f11d50a3a" className="StressTests_Unit_Test_Project.StressTestCase_TestStatisticsTest, Module 7 Unit Test Project, Version=1.0.0.0, Culture=neutral, PublicKeyToken=null" name="GetNumberOfTestsPerformedTest" />
    </UnitTest>
    <UnitTest name="StressTestCaseConstructorTest" storage="e:\labfiles\lab 7\ex2\starter\stresstest unit test project\bin\debug\module 7 unit test project.dll" id="e09a9013-a6fb-3b11-e1ee-b6cfc1f50662">
      <Execution id="35ec181b-dec6-4a92-a161-dd8b0a02062d" />
      <TestMethod codeBase="E:/Labfiles/Lab 7/Ex2/Starter/StressTest Unit Test Project/bin/Debug/Module 7 Unit Test Project.DLL" adapterTypeName="Microsoft.VisualStudio.TestTools.TestTypes.Unit.UnitTestAdapter, Microsoft.VisualStudio.QualityTools.Tips.UnitTest.Adapter, Version=10.0.0.0, Culture=neutral, PublicKeyToken=b03f5f7f11d50a3a" className="StressTests_Unit_Test_Project.StressTestCaseTest, Module 7 Unit Test Project, Version=1.0.0.0, Culture=neutral, PublicKeyToken=null" name="StressTestCaseConstructorTest" />
    </UnitTest>
  </TestDefinitions>
  <TestLists>
    <TestList name="Results Not in a List" id="8c84fa94-04c1-424b-9868-57a2d4851a1d" />
    <TestList name="All Loaded Results" id="19431567-8539-422a-85d7-44ee4e166bda" />
  </TestLists>
  <TestEntries>
    <TestEntry testId="5701310d-d264-40e2-ce25-5834e0e15b23" executionId="c8cfed46-0ca8-4b8e-9990-ca9da6b43b33" testListId="8c84fa94-04c1-424b-9868-57a2d4851a1d" />
    <TestEntry testId="70ae57c7-d038-7d7d-6df9-662a9e2eccf2" executionId="de68a46d-a810-47e4-80e1-84b5fe6d7289" testListId="8c84fa94-04c1-424b-9868-57a2d4851a1d" />
    <TestEntry testId="73880309-9d43-4408-35a2-c1c47dccca49" executionId="ebb437e1-bb3f-4b2b-920e-36213b9ba8c6" testListId="8c84fa94-04c1-424b-9868-57a2d4851a1d" />
    <TestEntry testId="88dddc01-b6a3-92c3-1d4c-cc8c52876537" executionId="85428804-a458-4a5d-8cd1-2e6f51c9230c" testListId="8c84fa94-04c1-424b-9868-57a2d4851a1d" />
    <TestEntry testId="b0bbc1cd-3a19-4e77-46f6-513c8c6c7a78" executionId="60da1ffe-5146-46d7-a559-efb4d38fc2f8" testListId="8c84fa94-04c1-424b-9868-57a2d4851a1d" />
    <TestEntry testId="dc2ceaab-ef7a-cc9d-2cca-25e168dab36d" executionId="d21e4c7c-f658-4c24-91ae-1f8b25df36f9" testListId="8c84fa94-04c1-424b-9868-57a2d4851a1d" />
    <TestEntry testId="dc3c367e-afcc-bfbf-5de6-7f409a5f19b9" executionId="6f2127f2-c9a7-429d-921d-cca7ef309eda" testListId="8c84fa94-04c1-424b-9868-57a2d4851a1d" />
    <TestEntry testId="e09a9013-a6fb-3b11-e1ee-b6cfc1f50662" executionId="35ec181b-dec6-4a92-a161-dd8b0a02062d" testListId="8c84fa94-04c1-424b-9868-57a2d4851a1d" />
    <TestEntry testId="f70fc7f2-2889-1a4a-6c2b-231756f3c6d0" executionId="993527c0-55a4-47ff-9c7c-0804a21c9d70" testListId="8c84fa94-04c1-424b-9868-57a2d4851a1d" />
  </TestEntries>
  <Results>
    <UnitTestResult executionId="c8cfed46-0ca8-4b8e-9990-ca9da6b43b33" testId="5701310d-d264-40e2-ce25-5834e0e15b23" testName="GetNumberOfTestsPerformedTest" computerName="10266A-GEN-DEV" duration="00:00:00.0081158" startTime="2022-07-27T04:35:54.9209375-07:00" endTime="2022-07-27T04:35:55.0205468-07:00" testType="13cdc9d9-ddb5-4fa4-a97d-d965ccfc6d4b" outcome="Passed" testListId="8c84fa94-04c1-424b-9868-57a2d4851a1d" relativeResultsDirectory="c8cfed46-0ca8-4b8e-9990-ca9da6b43b33">
    </UnitTestResult>
    <UnitTestResult executionId="de68a46d-a810-47e4-80e1-84b5fe6d7289" testId="70ae57c7-d038-7d7d-6df9-662a9e2eccf2" testName="PerformStressTestTest" computerName="10266A-GEN-DEV" duration="00:00:00.0008708" startTime="2022-07-27T04:35:55.0215234-07:00" endTime="2022-07-27T04:35:55.0244531-07:00" testType="13cdc9d9-ddb5-4fa4-a97d-d965ccfc6d4b" outcome="Passed" testListId="8c84fa94-04c1-424b-9868-57a2d4851a1d" relativeResultsDirectory="de68a46d-a810-47e4-80e1-84b5fe6d7289">
    </UnitTestResult>
    <UnitTestResult executionId="ebb437e1-bb3f-4b2b-920e-36213b9ba8c6" testId="73880309-9d43-4408-35a2-c1c47dccca49" testName="GetNumberOfFailuresTest" computerName="10266A-GEN-DEV" duration="00:00:00.0001208" startTime="2022-07-27T04:35:55.0254296-07:00" endTime="2022-07-27T04:35:55.0273828-07:00" testType="13cdc9d9-ddb5-4fa4-a97d-d965ccfc6d4b" outcome="Passed" testListId="8c84fa94-04c1-424b-9868-57a2d4851a1d" relativeResultsDirectory="ebb437e1-bb3f-4b2b-920e-36213b9ba8c6">
    </UnitTestResult>
    <UnitTestResult executionId="85428804-a458-4a5d-8cd1-2e6f51c9230c" testId="88dddc01-b6a3-92c3-1d4c-cc8c52876537" testName="ToStringTest" computerName="10266A-GEN-DEV" duration="00:00:00.0002760" startTime="2022-07-27T04:35:55.0273828-07:00" endTime="2022-07-27T04:35:55.0293359-07:00" testType="13cdc9d9-ddb5-4fa4-a97d-d965ccfc6d4b" outcome="Passed" testListId="8c84fa94-04c1-424b-9868-57a2d4851a1d" relativeResultsDirectory="85428804-a458-4a5d-8cd1-2e6f51c9230c">
    </UnitTestResult>
    <UnitTestResult executionId="60da1ffe-5146-46d7-a559-efb4d38fc2f8" testId="b0bbc1cd-3a19-4e77-46f6-513c8c6c7a78" testName="IncrementTestsTest" computerName="10266A-GEN-DEV" duration="00:00:00.0000986" startTime="2022-07-27T04:35:55.0293359-07:00" endTime="2022-07-27T04:35:55.0312890-07:00" testType="13cdc9d9-ddb5-4fa4-a97d-d965ccfc6d4b" outcome="Passed" testListId="8c84fa94-04c1-424b-9868-57a2d4851a1d" relativeResultsDirectory="60da1ffe-5146-46d7-a559-efb4d38fc2f8">
    </UnitTestResult>
    <UnitTestResult executionId="d21e4c7c-f658-4c24-91ae-1f8b25df36f9" testId="dc2ceaab-ef7a-cc9d-2cca-25e168dab36d" testName="GetStressTestResultTest1" computerName="10266A-GEN-DEV" duration="00:00:00.0000863" startTime="2022-07-27T04:35:55.0322656-07:00" endTime="2022-07-27T04:35:55.0342187-07:00" testType="13cdc9d9-ddb5-4fa4-a97d-d965ccfc6d4b" outcome="Passed" testListId="8c84fa94-04c1-424b-9868-57a2d4851a1d" relativeResultsDirectory="d21e4c7c-f658-4c24-91ae-1f8b25df36f9">
    </UnitTestResult>
    <UnitTestResult executionId="6f2127f2-c9a7-429d-921d-cca7ef309eda" testId="dc3c367e-afcc-bfbf-5de6-7f409a5f19b9" testName="GetStressTestResultTest2" computerName="10266A-GEN-DEV" duration="00:00:00.0001008" startTime="2022-07-27T04:35:55.0342187-07:00" endTime="2022-07-27T04:35:55.0371484-07:00" testType="13cdc9d9-ddb5-4fa4-a97d-d965ccfc6d4b" outcome="Passed" testListId="8c84fa94-04c1-424b-9868-57a2d4851a1d" relativeResultsDirectory="6f2127f2-c9a7-429d-921d-cca7ef309eda">
    </UnitTestResult>
    <UnitTestResult executionId="35ec181b-dec6-4a92-a161-dd8b0a02062d" testId="e09a9013-a6fb-3b11-e1ee-b6cfc1f50662" testName="StressTestCaseConstructorTest" computerName="10266A-GEN-DEV" duration="00:00:00.0001078" startTime="2022-07-27T04:35:55.0371484-07:00" endTime="2022-07-27T04:35:55.0391015-07:00" testType="13cdc9d9-ddb5-4fa4-a97d-d965ccfc6d4b" outcome="Passed" testListId="8c84fa94-04c1-424b-9868-57a2d4851a1d" relativeResultsDirectory="35ec181b-dec6-4a92-a161-dd8b0a02062d">
    </UnitTestResult>
    <UnitTestResult executionId="993527c0-55a4-47ff-9c7c-0804a21c9d70" testId="f70fc7f2-2889-1a4a-6c2b-231756f3c6d0" testName="StressTestCaseConstructorTest1" computerName="10266A-GEN-DEV" duration="00:00:00.0001080" startTime="2022-07-27T04:35:55.0400781-07:00" endTime="2022-07-27T04:35:55.0410546-07:00" testType="13cdc9d9-ddb5-4fa4-a97d-d965ccfc6d4b" outcome="Passed" testListId="8c84fa94-04c1-424b-9868-57a2d4851a1d" relativeResultsDirectory="993527c0-55a4-47ff-9c7c-0804a21c9d70">
    </UnitTestResult>
  </Results>
</TestRun>