<?xml version="1.0" encoding="UTF-8"?>
<TestRun id="90dbdb67-0349-4d0e-8610-0f961bf488ab" name="Admin@10266A-GEN-DEV 2022-07-26 07:00:17" runUser="10266A-GEN-DEV\Admin" xmlns="http://microsoft.com/schemas/VisualStudio/TeamTest/2010">
  <TestSettings name="Local" id="ec544e03-20d0-4280-bdbf-9f992f5801fd">
    <Description>These are default test settings for a local test run.</Description>
    <Deployment enabled="false" runDeploymentRoot="Admin_10266A-GEN-DEV 2022-07-26 07_00_17">
      <DeploymentItem filename="E:\Labfiles\Lab 4\Ex2\Starter\MatrixMultiplication\bin\Debug\MatrixMultiplication.exe" />
    </Deployment>
    <Execution>
      <TestTypeSpecific />
      <AgentRule name="Execution Agents">
      </AgentRule>
    </Execution>
  </TestSettings>
  <Times creation="2022-07-26T07:00:17.0058984-07:00" queuing="2022-07-26T07:00:17.1191796-07:00" start="2022-07-26T07:00:17.1455468-07:00" finish="2022-07-26T07:00:17.2812890-07:00" />
  <ResultSummary outcome="Completed">
    <Counters total="3" executed="3" passed="3" error="0" failed="0" timeout="0" aborted="0" inconclusive="0" passedButRunAborted="0" notRunnable="0" notExecuted="0" disconnected="0" warning="0" completed="0" inProgress="0" pending="0" />
  </ResultSummary>
  <TestDefinitions>
    <UnitTest name="MatrixMultiplyTest1" storage="e:\labfiles\lab 4\ex2\starter\matrix unit test project\bin\debug\module 4 unit test project.dll" id="0f679c2e-619a-fab9-64a5-dcb018921581">
      <Execution id="af9ff59c-c49f-4e0f-aad7-4850e933b6ba" />
      <TestMethod codeBase="E:/Labfiles/Lab 4/Ex2/Starter/Matrix Unit Test Project/bin/Debug/Module 4 Unit Test Project.DLL" adapterTypeName="Microsoft.VisualStudio.TestTools.TestTypes.Unit.UnitTestAdapter, Microsoft.VisualStudio.QualityTools.Tips.UnitTest.Adapter, Version=10.0.0.0, Culture=neutral, PublicKeyToken=b03f5f7f11d50a3a" className="Lab4UnitTests.MatrixTest, Module 4 Unit Test Project, Version=1.0.0.0, Culture=neutral, PublicKeyToken=null" name="MatrixMultiplyTest1" />
    </UnitTest>
    <UnitTest name="MatrixMultiplyTest3" storage="e:\labfiles\lab 4\ex2\starter\matrix unit test project\bin\debug\module 4 unit test project.dll" id="48bb4ce0-916f-fd78-cb24-8c67a8d2a76b">
      <Execution id="8466ed1d-141a-4e30-87ce-fd620613035e" />
      <TestMethod codeBase="E:/Labfiles/Lab 4/Ex2/Starter/Matrix Unit Test Project/bin/Debug/Module 4 Unit Test Project.DLL" adapterTypeName="Microsoft.VisualStudio.TestTools.TestTypes.Unit.UnitTestAdapter, Microsoft.VisualStudio.QualityTools.Tips.UnitTest.Adapter, Version=10.0.0.0, Culture=neutral, PublicKeyToken=b03f5f7f11d50a3a" className="Lab4UnitTests.MatrixTest, Module 4 Unit Test Project, Version=1.0.0.0, Culture=neutral, PublicKeyToken=null" name="MatrixMultiplyTest3" />
    </UnitTest>
    <UnitTest name="MatrixMultiplyTest2" storage="e:\labfiles\lab 4\ex2\starter\matrix unit test project\bin\debug\module 4 unit test project.dll" id="16e12141-9207-2540-ef3e-b656cbc6231c">
      <Execution id="a31ac87d-0fa1-4633-886a-4c3768ae17e6" />
      <TestMethod codeBase="E:/Labfiles/Lab 4/Ex2/Starter/Matrix Unit Test Project/bin/Debug/Module 4 Unit Test Project.DLL" adapterTypeName="Microsoft.VisualStudio.TestTools.TestTypes.Unit.UnitTestAdapter, Microsoft.VisualStudio.QualityTools.Tips.UnitTest.Adapter, Version=10.0.0.0, Culture=neutral, PublicKeyToken=b03f5f7f11d50a3a" className="Lab4UnitTests.MatrixTest, Module 4 Unit Test Project, Version=1.0.0.0, Culture=neutral, PublicKeyToken=null" name="MatrixMultiplyTest2" />
    </UnitTest>
  </TestDefinitions>
  <TestLists>
    <TestList name="Results Not in a List" id="8c84fa94-04c1-424b-9868-57a2d4851a1d" />
    <TestList name="All Loaded Results" id="19431567-8539-422a-85d7-44ee4e166bda" />
  </TestLists>
  <TestEntries>
    <TestEntry testId="0f679c2e-619a-fab9-64a5-dcb018921581" executionId="af9ff59c-c49f-4e0f-aad7-4850e933b6ba" testListId="8c84fa94-04c1-424b-9868-57a2d4851a1d" />
    <TestEntry testId="16e12141-9207-2540-ef3e-b656cbc6231c" executionId="a31ac87d-0fa1-4633-886a-4c3768ae17e6" testListId="8c84fa94-04c1-424b-9868-57a2d4851a1d" />
    <TestEntry testId="48bb4ce0-916f-fd78-cb24-8c67a8d2a76b" executionId="8466ed1d-141a-4e30-87ce-fd620613035e" testListId="8c84fa94-04c1-424b-9868-57a2d4851a1d" />
  </TestEntries>
  <Results>
    <UnitTestResult executionId="af9ff59c-c49f-4e0f-aad7-4850e933b6ba" testId="0f679c2e-619a-fab9-64a5-dcb018921581" testName="MatrixMultiplyTest1" computerName="10266A-GEN-DEV" duration="00:00:00.0082806" startTime="2022-07-26T07:00:17.1475000-07:00" endTime="2022-07-26T07:00:17.2471093-07:00" testType="13cdc9d9-ddb5-4fa4-a97d-d965ccfc6d4b" outcome="Passed" testListId="8c84fa94-04c1-424b-9868-57a2d4851a1d" relativeResultsDirectory="af9ff59c-c49f-4e0f-aad7-4850e933b6ba">
    </UnitTestResult>
    <UnitTestResult executionId="a31ac87d-0fa1-4633-886a-4c3768ae17e6" testId="16e12141-9207-2540-ef3e-b656cbc6231c" testName="MatrixMultiplyTest2" computerName="10266A-GEN-DEV" duration="00:00:00.0015379" startTime="2022-07-26T07:00:17.2480859-07:00" endTime="2022-07-26T07:00:17.2510156-07:00" testType="13cdc9d9-ddb5-4fa4-a97d-d965ccfc6d4b" outcome="Passed" testListId="8c84fa94-04c1-424b-9868-57a2d4851a1d" relativeResultsDirectory="a31ac87d-0fa1-4633-886a-4c3768ae17e6">
    </UnitTestResult>
    <UnitTestResult executionId="8466ed1d-141a-4e30-87ce-fd620613035e" testId="48bb4ce0-916f-fd78-cb24-8c67a8d2a76b" testName="MatrixMultiplyTest3" computerName="10266A-GEN-DEV" duration="00:00:00.0003166" startTime="2022-07-26T07:00:17.2519921-07:00" endTime="2022-07-26T07:00:17.2539453-07:00" testType="13cdc9d9-ddb5-4fa4-a97d-d965ccfc6d4b" outcome="Passed" testListId="8c84fa94-04c1-424b-9868-57a2d4851a1d" relativeResultsDirectory="8466ed1d-141a-4e30-87ce-fd620613035e">
    </UnitTestResult>
  </Results>
</TestRun>