<?xml version="1.0" encoding="UTF-8"?>
<TestRun id="899cf200-6ddf-41c2-9baf-06ffd87fe016" name="Admin@10266A-GEN-DEV 2022-07-27 04:10:36" runUser="10266A-GEN-DEV\Admin" xmlns="http://microsoft.com/schemas/VisualStudio/TeamTest/2010">
  <TestSettings name="Local" id="63150442-023f-4362-ac0f-2805b5a9e2b5">
    <Description>These are default test settings for a local test run.</Description>
    <Deployment enabled="false" runDeploymentRoot="Admin_10266A-GEN-DEV 2022-07-27 04_10_36">
      <DeploymentItem filename="E:\Labfiles\Lab 7\Ex1\Starter\StressTest\bin\Debug\StressTest.dll" />
    </Deployment>
    <Execution>
      <TestTypeSpecific />
      <AgentRule name="Execution Agents">
      </AgentRule>
    </Execution>
  </TestSettings>
  <Times creation="2022-07-27T04:10:36.4922265-07:00" queuing="2022-07-27T04:10:36.5049218-07:00" start="2022-07-27T04:10:36.5185937-07:00" finish="2022-07-27T04:10:36.6308984-07:00" />
  <ResultSummary outcome="Completed">
    <Counters total="5" executed="5" passed="5" error="0" failed="0" timeout="0" aborted="0" inconclusive="0" passedButRunAborted="0" notRunnable="0" notExecuted="0" disconnected="0" warning="0" completed="0" inProgress="0" pending="0" />
  </ResultSummary>
  <TestDefinitions>
    <UnitTest name="PerformStressTestTest" storage="e:\labfiles\lab 7\ex1\starter\stresstest unit test project\bin\debug\module 7 unit test project.dll" id="bbdebe19-d9b1-54e0-0b83-827f9b576015">
      <Execution id="5629e2fb-fa05-41b7-9f07-b87b2071970d" />
      <TestMethod codeBase="E:/Labfiles/Lab 7/Ex1/Starter/StressTest Unit Test Project/bin/Debug/Module 7 Unit Test Project.DLL" adapterTypeName="Microsoft.VisualStudio.TestTools.TestTypes.Unit.UnitTestAdapter, Microsoft.VisualStudio.QualityTools.Tips.UnitTest.Adapter, Version=10.0.0.0, Culture=neutral, PublicKeyToken=b03f5f7f11d50a3a" className="Module_7_Unit_Test_Project.StressTestCaseTest, Module 7 Unit Test Project, Version=1.0.0.0, Culture=neutral, PublicKeyToken=null" name="PerformStressTestTest" />
    </UnitTest>
    <UnitTest name="GetStressTestResultTest" storage="e:\labfiles\lab 7\ex1\starter\stresstest unit test project\bin\debug\module 7 unit test project.dll" id="70b9a4e8-adeb-92de-9a22-c40ce6116f91">
      <Execution id="0ddd9262-bff3-4293-b056-783864d66c8b" />
      <TestMethod codeBase="E:/Labfiles/Lab 7/Ex1/Starter/StressTest Unit Test Project/bin/Debug/Module 7 Unit Test Project.DLL" adapterTypeName="Microsoft.VisualStudio.TestTools.TestTypes.Unit.UnitTestAdapter, Microsoft.VisualStudio.QualityTools.Tips.UnitTest.Adapter, Version=10.0.0.0, Culture=neutral, PublicKeyToken=b03f5f7f11d50a3a" className="Module_7_Unit_Test_Project.StressTestCaseTest, Module 7 Unit Test Project, Version=1.0.0.0, Culture=neutral, PublicKeyToken=null" name="GetStressTestResultTest" />
    </UnitTest>
    <UnitTest name="StressTestCaseConstructorTest1" storage="e:\labfiles\lab 7\ex1\starter\stresstest unit test project\bin\debug\module 7 unit test project.dll" id="61c7c0c4-6e56-2e34-4cb3-02150288c418">
      <Execution id="6e111460-0b52-4b23-8053-5498d9c3a9c0" />
      <TestMethod codeBase="E:/Labfiles/Lab 7/Ex1/Starter/StressTest Unit Test Project/bin/Debug/Module 7 Unit Test Project.DLL" adapterTypeName="Microsoft.VisualStudio.TestTools.TestTypes.Unit.UnitTestAdapter, Microsoft.VisualStudio.QualityTools.Tips.UnitTest.Adapter, Version=10.0.0.0, Culture=neutral, PublicKeyToken=b03f5f7f11d50a3a" className="Module_7_Unit_Test_Project.StressTestCaseTest, Module 7 Unit Test Project, Version=1.0.0.0, Culture=neutral, PublicKeyToken=null" name="StressTestCaseConstructorTest1" />
    </UnitTest>
    <UnitTest name="StressTestCaseConstructorTest" storage="e:\labfiles\lab 7\ex1\starter\stresstest unit test project\bin\debug\module 7 unit test project.dll" id="4b5ca72b-c0e0-3aa2-217a-dcdd00acddfd">
      <Execution id="32389aa5-b727-42c8-9dea-bfefb5d92be4" />
      <TestMethod codeBase="E:/Labfiles/Lab 7/Ex1/Starter/StressTest Unit Test Project/bin/Debug/Module 7 Unit Test Project.DLL" adapterTypeName="Microsoft.VisualStudio.TestTools.TestTypes.Unit.UnitTestAdapter, Microsoft.VisualStudio.QualityTools.Tips.UnitTest.Adapter, Version=10.0.0.0, Culture=neutral, PublicKeyToken=b03f5f7f11d50a3a" className="Module_7_Unit_Test_Project.StressTestCaseTest, Module 7 Unit Test Project, Version=1.0.0.0, Culture=neutral, PublicKeyToken=null" name="StressTestCaseConstructorTest" />
    </UnitTest>
    <UnitTest name="ToStringTest" storage="e:\labfiles\lab 7\ex1\starter\stresstest unit test project\bin\debug\module 7 unit test project.dll" id="1c2d0dcc-1bcf-b45e-8838-454d0c31bbcd">
      <Execution id="1568570c-3d60-47e7-9b91-4134e058a514" />
      <TestMethod codeBase="E:/Labfiles/Lab 7/Ex1/Starter/StressTest Unit Test Project/bin/Debug/Module 7 Unit Test Project.DLL" adapterTypeName="Microsoft.VisualStudio.TestTools.TestTypes.Unit.UnitTestAdapter, Microsoft.VisualStudio.QualityTools.Tips.UnitTest.Adapter, Version=10.0.0.0, Culture=neutral, PublicKeyToken=b03f5f7f11d50a3a" className="Module_7_Unit_Test_Project.StressTestCaseTest, Module 7 Unit Test Project, Version=1.0.0.0, Culture=neutral, PublicKeyToken=null" name="ToStringTest" />
    </UnitTest>
  </TestDefinitions>
  <TestLists>
    <TestList name="Results Not in a List" id="8c84fa94-04c1-424b-9868-57a2d4851a1d" />
    <TestList name="All Loaded Results" id="19431567-8539-422a-85d7-44ee4e166bda" />
  </TestLists>
  <TestEntries>
    <TestEntry testId="1c2d0dcc-1bcf-b45e-8838-454d0c31bbcd" executionId="1568570c-3d60-47e7-9b91-4134e058a514" testListId="8c84fa94-04c1-424b-9868-57a2d4851a1d" />
    <TestEntry testId="4b5ca72b-c0e0-3aa2-217a-dcdd00acddfd" executionId="32389aa5-b727-42c8-9dea-bfefb5d92be4" testListId="8c84fa94-04c1-424b-9868-57a2d4851a1d" />
    <TestEntry testId="61c7c0c4-6e56-2e34-4cb3-02150288c418" executionId="6e111460-0b52-4b23-8053-5498d9c3a9c0" testListId="8c84fa94-04c1-424b-9868-57a2d4851a1d" />
    <TestEntry testId="70b9a4e8-adeb-92de-9a22-c40ce6116f91" executionId="0ddd9262-bff3-4293-b056-783864d66c8b" testListId="8c84fa94-04c1-424b-9868-57a2d4851a1d" />
    <TestEntry testId="bbdebe19-d9b1-54e0-0b83-827f9b576015" executionId="5629e2fb-fa05-41b7-9f07-b87b2071970d" testListId="8c84fa94-04c1-424b-9868-57a2d4851a1d" />
  </TestEntries>
  <Results>
    <UnitTestResult executionId="1568570c-3d60-47e7-9b91-4134e058a514" testId="1c2d0dcc-1bcf-b45e-8838-454d0c31bbcd" testName="ToStringTest" computerName="10266A-GEN-DEV" duration="00:00:00.0079479" startTime="2022-07-27T04:10:36.5264062-07:00" endTime="2022-07-27T04:10:36.6103906-07:00" testType="13cdc9d9-ddb5-4fa4-a97d-d965ccfc6d4b" outcome="Passed" testListId="8c84fa94-04c1-424b-9868-57a2d4851a1d" relativeResultsDirectory="1568570c-3d60-47e7-9b91-4134e058a514">
    </UnitTestResult>
    <UnitTestResult executionId="32389aa5-b727-42c8-9dea-bfefb5d92be4" testId="4b5ca72b-c0e0-3aa2-217a-dcdd00acddfd" testName="StressTestCaseConstructorTest" computerName="10266A-GEN-DEV" duration="00:00:00.0001156" startTime="2022-07-27T04:10:36.6123437-07:00" endTime="2022-07-27T04:10:36.6142968-07:00" testType="13cdc9d9-ddb5-4fa4-a97d-d965ccfc6d4b" outcome="Passed" testListId="8c84fa94-04c1-424b-9868-57a2d4851a1d" relativeResultsDirectory="32389aa5-b727-42c8-9dea-bfefb5d92be4">
    </UnitTestResult>
    <UnitTestResult executionId="6e111460-0b52-4b23-8053-5498d9c3a9c0" testId="61c7c0c4-6e56-2e34-4cb3-02150288c418" testName="StressTestCaseConstructorTest1" computerName="10266A-GEN-DEV" duration="00:00:00.0000891" startTime="2022-07-27T04:10:36.6142968-07:00" endTime="2022-07-27T04:10:36.6162500-07:00" testType="13cdc9d9-ddb5-4fa4-a97d-d965ccfc6d4b" outcome="Passed" testListId="8c84fa94-04c1-424b-9868-57a2d4851a1d" relativeResultsDirectory="6e111460-0b52-4b23-8053-5498d9c3a9c0">
    </UnitTestResult>
    <UnitTestResult executionId="0ddd9262-bff3-4293-b056-783864d66c8b" testId="70b9a4e8-adeb-92de-9a22-c40ce6116f91" testName="GetStressTestResultTest" computerName="10266A-GEN-DEV" duration="00:00:00.0005001" startTime="2022-07-27T04:10:36.6162500-07:00" endTime="2022-07-27T04:10:36.6191796-07:00" testType="13cdc9d9-ddb5-4fa4-a97d-d965ccfc6d4b" outcome="Passed" testListId="8c84fa94-04c1-424b-9868-57a2d4851a1d" relativeResultsDirectory="0ddd9262-bff3-4293-b056-783864d66c8b">
    </UnitTestResult>
    <UnitTestResult executionId="5629e2fb-fa05-41b7-9f07-b87b2071970d" testId="bbdebe19-d9b1-54e0-0b83-827f9b576015" testName="PerformStressTestTest" computerName="10266A-GEN-DEV" duration="00:00:00.0001571" startTime="2022-07-27T04:10:36.6191796-07:00" endTime="2022-07-27T04:10:36.6221093-07:00" testType="13cdc9d9-ddb5-4fa4-a97d-d965ccfc6d4b" outcome="Passed" testListId="8c84fa94-04c1-424b-9868-57a2d4851a1d" relativeResultsDirectory="5629e2fb-fa05-41b7-9f07-b87b2071970d">
    </UnitTestResult>
  </Results>
</TestRun>