<?xml version="1.0" encoding="UTF-8"?>
<TestRun id="e022215b-e613-4c42-ad30-dd99c767fc07" name="Admin@10266A-GEN-DEV 2022-07-27 03:56:14" runUser="10266A-GEN-DEV\Admin" xmlns="http://microsoft.com/schemas/VisualStudio/TeamTest/2010">
  <TestSettings name="Local" id="63150442-023f-4362-ac0f-2805b5a9e2b5">
    <Description>These are default test settings for a local test run.</Description>
    <Deployment enabled="false" runDeploymentRoot="Admin_10266A-GEN-DEV 2022-07-27 03_56_14">
      <DeploymentItem filename="E:\Labfiles\Lab 7\Ex1\Starter\StressTest\bin\Debug\StressTest.dll" />
    </Deployment>
    <Execution>
      <TestTypeSpecific />
      <AgentRule name="Execution Agents">
      </AgentRule>
    </Execution>
  </TestSettings>
  <Times creation="2022-07-27T03:56:14.3926171-07:00" queuing="2022-07-27T03:56:14.4043359-07:00" start="2022-07-27T03:56:14.4160546-07:00" finish="2022-07-27T03:56:14.5312890-07:00" />
  <ResultSummary outcome="Failed">
    <Counters total="5" executed="5" passed="4" error="0" failed="1" timeout="0" aborted="0" inconclusive="0" passedButRunAborted="0" notRunnable="0" notExecuted="0" disconnected="0" warning="0" completed="0" inProgress="0" pending="0" />
  </ResultSummary>
  <TestDefinitions>
    <UnitTest name="PerformStressTestTest" storage="e:\labfiles\lab 7\ex1\starter\stresstest unit test project\bin\debug\module 7 unit test project.dll" id="bbdebe19-d9b1-54e0-0b83-827f9b576015">
      <Execution id="d59ef3b3-f8a1-4b69-a8b5-9db4271f9e70" />
      <TestMethod codeBase="E:/Labfiles/Lab 7/Ex1/Starter/StressTest Unit Test Project/bin/Debug/Module 7 Unit Test Project.DLL" adapterTypeName="Microsoft.VisualStudio.TestTools.TestTypes.Unit.UnitTestAdapter, Microsoft.VisualStudio.QualityTools.Tips.UnitTest.Adapter, Version=10.0.0.0, Culture=neutral, PublicKeyToken=b03f5f7f11d50a3a" className="Module_7_Unit_Test_Project.StressTestCaseTest, Module 7 Unit Test Project, Version=1.0.0.0, Culture=neutral, PublicKeyToken=null" name="PerformStressTestTest" />
    </UnitTest>
    <UnitTest name="GetStressTestResultTest" storage="e:\labfiles\lab 7\ex1\starter\stresstest unit test project\bin\debug\module 7 unit test project.dll" id="70b9a4e8-adeb-92de-9a22-c40ce6116f91">
      <Execution id="66cba3bc-2749-4f92-a7ab-b3c6785e7dc1" />
      <TestMethod codeBase="E:/Labfiles/Lab 7/Ex1/Starter/StressTest Unit Test Project/bin/Debug/Module 7 Unit Test Project.DLL" adapterTypeName="Microsoft.VisualStudio.TestTools.TestTypes.Unit.UnitTestAdapter, Microsoft.VisualStudio.QualityTools.Tips.UnitTest.Adapter, Version=10.0.0.0, Culture=neutral, PublicKeyToken=b03f5f7f11d50a3a" className="Module_7_Unit_Test_Project.StressTestCaseTest, Module 7 Unit Test Project, Version=1.0.0.0, Culture=neutral, PublicKeyToken=null" name="GetStressTestResultTest" />
    </UnitTest>
    <UnitTest name="StressTestCaseConstructorTest1" storage="e:\labfiles\lab 7\ex1\starter\stresstest unit test project\bin\debug\module 7 unit test project.dll" id="61c7c0c4-6e56-2e34-4cb3-02150288c418">
      <Execution id="576ada71-d21b-4a7f-af03-959419b98e8c" />
      <TestMethod codeBase="E:/Labfiles/Lab 7/Ex1/Starter/StressTest Unit Test Project/bin/Debug/Module 7 Unit Test Project.DLL" adapterTypeName="Microsoft.VisualStudio.TestTools.TestTypes.Unit.UnitTestAdapter, Microsoft.VisualStudio.QualityTools.Tips.UnitTest.Adapter, Version=10.0.0.0, Culture=neutral, PublicKeyToken=b03f5f7f11d50a3a" className="Module_7_Unit_Test_Project.StressTestCaseTest, Module 7 Unit Test Project, Version=1.0.0.0, Culture=neutral, PublicKeyToken=null" name="StressTestCaseConstructorTest1" />
    </UnitTest>
    <UnitTest name="StressTestCaseConstructorTest" storage="e:\labfiles\lab 7\ex1\starter\stresstest unit test project\bin\debug\module 7 unit test project.dll" id="4b5ca72b-c0e0-3aa2-217a-dcdd00acddfd">
      <Execution id="60e2beb1-df16-4ccf-805f-f2c3d74903e3" />
      <TestMethod codeBase="E:/Labfiles/Lab 7/Ex1/Starter/StressTest Unit Test Project/bin/Debug/Module 7 Unit Test Project.DLL" adapterTypeName="Microsoft.VisualStudio.TestTools.TestTypes.Unit.UnitTestAdapter, Microsoft.VisualStudio.QualityTools.Tips.UnitTest.Adapter, Version=10.0.0.0, Culture=neutral, PublicKeyToken=b03f5f7f11d50a3a" className="Module_7_Unit_Test_Project.StressTestCaseTest, Module 7 Unit Test Project, Version=1.0.0.0, Culture=neutral, PublicKeyToken=null" name="StressTestCaseConstructorTest" />
    </UnitTest>
    <UnitTest name="ToStringTest" storage="e:\labfiles\lab 7\ex1\starter\stresstest unit test project\bin\debug\module 7 unit test project.dll" id="1c2d0dcc-1bcf-b45e-8838-454d0c31bbcd">
      <Execution id="dfb285fb-4767-4045-999a-33eecf8d10d8" />
      <TestMethod codeBase="E:/Labfiles/Lab 7/Ex1/Starter/StressTest Unit Test Project/bin/Debug/Module 7 Unit Test Project.DLL" adapterTypeName="Microsoft.VisualStudio.TestTools.TestTypes.Unit.UnitTestAdapter, Microsoft.VisualStudio.QualityTools.Tips.UnitTest.Adapter, Version=10.0.0.0, Culture=neutral, PublicKeyToken=b03f5f7f11d50a3a" className="Module_7_Unit_Test_Project.StressTestCaseTest, Module 7 Unit Test Project, Version=1.0.0.0, Culture=neutral, PublicKeyToken=null" name="ToStringTest" />
    </UnitTest>
  </TestDefinitions>
  <TestLists>
    <TestList name="Results Not in a List" id="8c84fa94-04c1-424b-9868-57a2d4851a1d" />
    <TestList name="All Loaded Results" id="19431567-8539-422a-85d7-44ee4e166bda" />
  </TestLists>
  <TestEntries>
    <TestEntry testId="1c2d0dcc-1bcf-b45e-8838-454d0c31bbcd" executionId="dfb285fb-4767-4045-999a-33eecf8d10d8" testListId="8c84fa94-04c1-424b-9868-57a2d4851a1d" />
    <TestEntry testId="4b5ca72b-c0e0-3aa2-217a-dcdd00acddfd" executionId="60e2beb1-df16-4ccf-805f-f2c3d74903e3" testListId="8c84fa94-04c1-424b-9868-57a2d4851a1d" />
    <TestEntry testId="61c7c0c4-6e56-2e34-4cb3-02150288c418" executionId="576ada71-d21b-4a7f-af03-959419b98e8c" testListId="8c84fa94-04c1-424b-9868-57a2d4851a1d" />
    <TestEntry testId="70b9a4e8-adeb-92de-9a22-c40ce6116f91" executionId="66cba3bc-2749-4f92-a7ab-b3c6785e7dc1" testListId="8c84fa94-04c1-424b-9868-57a2d4851a1d" />
    <TestEntry testId="bbdebe19-d9b1-54e0-0b83-827f9b576015" executionId="d59ef3b3-f8a1-4b69-a8b5-9db4271f9e70" testListId="8c84fa94-04c1-424b-9868-57a2d4851a1d" />
  </TestEntries>
  <Results>
    <UnitTestResult executionId="dfb285fb-4767-4045-999a-33eecf8d10d8" testId="1c2d0dcc-1bcf-b45e-8838-454d0c31bbcd" testName="ToStringTest" computerName="10266A-GEN-DEV" duration="00:00:00.0080469" startTime="2022-07-27T03:56:14.4258203-07:00" endTime="2022-07-27T03:56:14.5088281-07:00" testType="13cdc9d9-ddb5-4fa4-a97d-d965ccfc6d4b" outcome="Passed" testListId="8c84fa94-04c1-424b-9868-57a2d4851a1d" relativeResultsDirectory="dfb285fb-4767-4045-999a-33eecf8d10d8">
    </UnitTestResult>
    <UnitTestResult executionId="60e2beb1-df16-4ccf-805f-f2c3d74903e3" testId="4b5ca72b-c0e0-3aa2-217a-dcdd00acddfd" testName="StressTestCaseConstructorTest" computerName="10266A-GEN-DEV" duration="00:00:00.0063186" startTime="2022-07-27T03:56:14.5098046-07:00" endTime="2022-07-27T03:56:14.5176171-07:00" testType="13cdc9d9-ddb5-4fa4-a97d-d965ccfc6d4b" outcome="Failed" testListId="8c84fa94-04c1-424b-9868-57a2d4851a1d" relativeResultsDirectory="60e2beb1-df16-4ccf-805f-f2c3d74903e3">
      <Output>
        <ErrorInfo>
          <Message>Assert.AreEqual failed. Expected:&lt;Material: Composite, CrossSection, CShaped, Length: 5000mm, Height : 32mm, Width: 18 mm, No Stress Test Performed&gt;. Actual:&lt;Material: Composite, CrossSection: CShaped, Length: 5000mm, Height: 32mm, Width: 18mm, No Stress Test Performed&gt;. </Message>
          <StackTrace>   at Module_7_Unit_Test_Project.StressTestCaseTest.StressTestCaseConstructorTest() in E:\Labfiles\Lab 7\Ex1\Starter\StressTest Unit Test Project\StressTestCaseTest.cs:line 87
</StackTrace>
        </ErrorInfo>
      </Output>
    </UnitTestResult>
    <UnitTestResult executionId="576ada71-d21b-4a7f-af03-959419b98e8c" testId="61c7c0c4-6e56-2e34-4cb3-02150288c418" testName="StressTestCaseConstructorTest1" computerName="10266A-GEN-DEV" duration="00:00:00.0007800" startTime="2022-07-27T03:56:14.5176171-07:00" endTime="2022-07-27T03:56:14.5205468-07:00" testType="13cdc9d9-ddb5-4fa4-a97d-d965ccfc6d4b" outcome="Passed" testListId="8c84fa94-04c1-424b-9868-57a2d4851a1d" relativeResultsDirectory="576ada71-d21b-4a7f-af03-959419b98e8c">
    </UnitTestResult>
    <UnitTestResult executionId="66cba3bc-2749-4f92-a7ab-b3c6785e7dc1" testId="70b9a4e8-adeb-92de-9a22-c40ce6116f91" testName="GetStressTestResultTest" computerName="10266A-GEN-DEV" duration="00:00:00.0005169" startTime="2022-07-27T03:56:14.5205468-07:00" endTime="2022-07-27T03:56:14.5234765-07:00" testType="13cdc9d9-ddb5-4fa4-a97d-d965ccfc6d4b" outcome="Passed" testListId="8c84fa94-04c1-424b-9868-57a2d4851a1d" relativeResultsDirectory="66cba3bc-2749-4f92-a7ab-b3c6785e7dc1">
    </UnitTestResult>
    <UnitTestResult executionId="d59ef3b3-f8a1-4b69-a8b5-9db4271f9e70" testId="bbdebe19-d9b1-54e0-0b83-827f9b576015" testName="PerformStressTestTest" computerName="10266A-GEN-DEV" duration="00:00:00.0001576" startTime="2022-07-27T03:56:14.5234765-07:00" endTime="2022-07-27T03:56:14.5254296-07:00" testType="13cdc9d9-ddb5-4fa4-a97d-d965ccfc6d4b" outcome="Passed" testListId="8c84fa94-04c1-424b-9868-57a2d4851a1d" relativeResultsDirectory="d59ef3b3-f8a1-4b69-a8b5-9db4271f9e70">
    </UnitTestResult>
  </Results>
</TestRun>