<?xml version="1.0" encoding="UTF-8"?>
<TestRun id="6f0b471e-b70b-41c4-bd31-d90b3e32d79c" name="Admin@10266A-GEN-DEV 2022-07-26 04:45:54" runUser="10266A-GEN-DEV\Admin" xmlns="http://microsoft.com/schemas/VisualStudio/TeamTest/2010">
  <TestSettings name="Local" id="0708a396-de10-4a2d-a413-145187a6972c">
    <Description>These are default test settings for a local test run.</Description>
    <Deployment enabled="false" runDeploymentRoot="Admin_10266A-GEN-DEV 2022-07-26 04_45_54">
      <DeploymentItem filename="E:\Labfiles\Lab 3\Ex2\Starter\GreatestCommonDivisor\bin\Debug\Module3.exe" />
    </Deployment>
    <Execution>
      <TestTypeSpecific />
      <AgentRule name="Execution Agents">
      </AgentRule>
    </Execution>
  </TestSettings>
  <Times creation="2022-07-26T04:45:54.3574609-07:00" queuing="2022-07-26T04:45:54.5244531-07:00" start="2022-07-26T04:45:54.5459375-07:00" finish="2022-07-26T04:45:54.6631250-07:00" />
  <ResultSummary outcome="Completed">
    <Counters total="3" executed="3" passed="3" error="0" failed="0" timeout="0" aborted="0" inconclusive="0" passedButRunAborted="0" notRunnable="0" notExecuted="0" disconnected="0" warning="0" completed="0" inProgress="0" pending="0" />
  </ResultSummary>
  <TestDefinitions>
    <UnitTest name="FindGCDEuclidTest2" storage="e:\labfiles\lab 3\ex2\starter\gcd test project\bin\debug\gcd test project.dll" id="d3a316a8-be00-b285-d7d4-78e834fb9d25">
      <Execution id="6c65a87e-50a2-416b-9899-682805ed6eb7" />
      <TestMethod codeBase="E:/Labfiles/Lab 3/Ex2/Starter/GCD Test Project/bin/Debug/GCD Test Project.DLL" adapterTypeName="Microsoft.VisualStudio.TestTools.TestTypes.Unit.UnitTestAdapter, Microsoft.VisualStudio.QualityTools.Tips.UnitTest.Adapter, Version=10.0.0.0, Culture=neutral, PublicKeyToken=b03f5f7f11d50a3a" className="GCD_Test_Project.GCDAlgorithmsTest, GCD Test Project, Version=1.0.0.0, Culture=neutral, PublicKeyToken=null" name="FindGCDEuclidTest2" />
    </UnitTest>
    <UnitTest name="FindGCDEuclidTest1" storage="e:\labfiles\lab 3\ex2\starter\gcd test project\bin\debug\gcd test project.dll" id="1ed9e01c-9dc1-b22e-6f78-723d9cad00a5">
      <Execution id="ffae9dd2-22e1-457d-8402-a44c18eb31bd" />
      <TestMethod codeBase="E:/Labfiles/Lab 3/Ex2/Starter/GCD Test Project/bin/Debug/GCD Test Project.DLL" adapterTypeName="Microsoft.VisualStudio.TestTools.TestTypes.Unit.UnitTestAdapter, Microsoft.VisualStudio.QualityTools.Tips.UnitTest.Adapter, Version=10.0.0.0, Culture=neutral, PublicKeyToken=b03f5f7f11d50a3a" className="GCD_Test_Project.GCDAlgorithmsTest, GCD Test Project, Version=1.0.0.0, Culture=neutral, PublicKeyToken=null" name="FindGCDEuclidTest1" />
    </UnitTest>
    <UnitTest name="FindGCDEuclidTest3" storage="e:\labfiles\lab 3\ex2\starter\gcd test project\bin\debug\gcd test project.dll" id="4d58124e-6cc2-cca7-419a-b8f9803a35a5">
      <Execution id="e4f0faf4-aed2-44fd-969c-75ae7427f36a" />
      <TestMethod codeBase="E:/Labfiles/Lab 3/Ex2/Starter/GCD Test Project/bin/Debug/GCD Test Project.DLL" adapterTypeName="Microsoft.VisualStudio.TestTools.TestTypes.Unit.UnitTestAdapter, Microsoft.VisualStudio.QualityTools.Tips.UnitTest.Adapter, Version=10.0.0.0, Culture=neutral, PublicKeyToken=b03f5f7f11d50a3a" className="GCD_Test_Project.GCDAlgorithmsTest, GCD Test Project, Version=1.0.0.0, Culture=neutral, PublicKeyToken=null" name="FindGCDEuclidTest3" />
    </UnitTest>
  </TestDefinitions>
  <TestLists>
    <TestList name="Results Not in a List" id="8c84fa94-04c1-424b-9868-57a2d4851a1d" />
    <TestList name="All Loaded Results" id="19431567-8539-422a-85d7-44ee4e166bda" />
  </TestLists>
  <TestEntries>
    <TestEntry testId="1ed9e01c-9dc1-b22e-6f78-723d9cad00a5" executionId="ffae9dd2-22e1-457d-8402-a44c18eb31bd" testListId="8c84fa94-04c1-424b-9868-57a2d4851a1d" />
    <TestEntry testId="d3a316a8-be00-b285-d7d4-78e834fb9d25" executionId="6c65a87e-50a2-416b-9899-682805ed6eb7" testListId="8c84fa94-04c1-424b-9868-57a2d4851a1d" />
    <TestEntry testId="4d58124e-6cc2-cca7-419a-b8f9803a35a5" executionId="e4f0faf4-aed2-44fd-969c-75ae7427f36a" testListId="8c84fa94-04c1-424b-9868-57a2d4851a1d" />
  </TestEntries>
  <Results>
    <UnitTestResult executionId="ffae9dd2-22e1-457d-8402-a44c18eb31bd" testId="1ed9e01c-9dc1-b22e-6f78-723d9cad00a5" testName="FindGCDEuclidTest1" computerName="10266A-GEN-DEV" duration="00:00:00.0083031" startTime="2022-07-26T04:45:54.5498437-07:00" endTime="2022-07-26T04:45:54.6484765-07:00" testType="13cdc9d9-ddb5-4fa4-a97d-d965ccfc6d4b" outcome="Passed" testListId="8c84fa94-04c1-424b-9868-57a2d4851a1d" relativeResultsDirectory="ffae9dd2-22e1-457d-8402-a44c18eb31bd">
    </UnitTestResult>
    <UnitTestResult executionId="6c65a87e-50a2-416b-9899-682805ed6eb7" testId="d3a316a8-be00-b285-d7d4-78e834fb9d25" testName="FindGCDEuclidTest2" computerName="10266A-GEN-DEV" duration="00:00:00.0001358" startTime="2022-07-26T04:45:54.6494531-07:00" endTime="2022-07-26T04:45:54.6514062-07:00" testType="13cdc9d9-ddb5-4fa4-a97d-d965ccfc6d4b" outcome="Passed" testListId="8c84fa94-04c1-424b-9868-57a2d4851a1d" relativeResultsDirectory="6c65a87e-50a2-416b-9899-682805ed6eb7">
    </UnitTestResult>
    <UnitTestResult executionId="e4f0faf4-aed2-44fd-969c-75ae7427f36a" testId="4d58124e-6cc2-cca7-419a-b8f9803a35a5" testName="FindGCDEuclidTest3" computerName="10266A-GEN-DEV" duration="00:00:00.0001885" startTime="2022-07-26T04:45:54.6514062-07:00" endTime="2022-07-26T04:45:54.6533593-07:00" testType="13cdc9d9-ddb5-4fa4-a97d-d965ccfc6d4b" outcome="Passed" testListId="8c84fa94-04c1-424b-9868-57a2d4851a1d" relativeResultsDirectory="e4f0faf4-aed2-44fd-969c-75ae7427f36a">
    </UnitTestResult>
  </Results>
</TestRun>